DFW status and trace log : Sun Jan 27 14:25:34 2013

14:25:34.626 ERROR: no id specified
  SevError(2) : programcontext.cpp : 5450
14:25:34.633 ERROR: target definition defaultTarget has not been created
  Protocol Component : SevError(2) : targetdefinitionmanager.cpp : 5122
DFW status and trace log : Sun Jan 27 14:27:08 2013

14:27:08.036 ERROR: Node 'TargetDefns' does not have a child name 'VxWorks6x_10.08.30.2': StdStructContainerInfoNode1::evalNodeChild
  Protocol Component : SevError(2) : infonodehelper.hpp : 1645
14:27:08.036 ERROR: Node 'TargetDefns' does not have a child name 'VxWorks6x_10.08.30.2'
  Protocol Component : SevError(2) : infonodehelper.hpp : 1645
14:27:08.045 ERROR: no id specified
  SevError(2) : programcontext.cpp : 5450
14:27:08.132 ERROR: no id specified
  SevError(2) : programcontext.cpp : 5450
14:27:08.132 ERROR: no id specified
  SevError(2) : programcontext.cpp : 5450
14:27:08.152 ERROR: Invalid core (CPU) id
  SevError(2) : tccoreinfo.cpp : 849
14:27:08.244 ERROR: Unsupported function call: TargetPluginAPI::GetTraceInfo
  SevError(2) : tccallwrappers.cpp : 4532
14:27:08.464 WARNING: No register with name 'FPRegisterAccess' exists: TOSComponent::PopulateRegisterData
  SevWarning(1) : scregaccess.cpp : 3695
14:27:08.464 WARNING: No register with name 'FPRegisterAccess' exists: TOSComponent::PopulateRegisterData
  SevWarning(1) : scregaccess.cpp : 3695
14:27:08.464 WARNING: No register with name 'FPRegisterAccess' exists
  SevWarning(1) : scregaccess.cpp : 3695
14:27:08.468 ERROR: Internal Error: Target connected notice when not connecting
  SevInternalError(4) : contextstatemanagerimpl.cpp : 535
14:27:08.490 ERROR: Property not found: ModuleOSManaged
  Tos Component : SevError(2) : tosobject.cpp : 2488
14:27:08.912 ERROR: Property not found: IsModulesSynched
  Module Component : SevError(2) : modulecomponent.cpp : 280
14:27:08.958 WARNING: Object file has minimal debug information: /tmpout/nivissvc.out
  SevWarning(1) : symbolmanager.cpp : 171
14:27:08.965 WARNING: Object file has minimal debug information: /tmpout/nisysrpc.out
  SevWarning(1) : symbolmanager.cpp : 171
14:27:09.312 WARNING: Object file has minimal debug information: /tmpout/lvrt.out
  SevWarning(1) : symbolmanager.cpp : 171
14:27:09.326 WARNING: Object file has minimal debug information: /tmpout/niriomtk.out
  SevWarning(1) : symbolmanager.cpp : 171
14:27:09.332 WARNING: Object file has minimal debug information: /tmpout/target.out
  SevWarning(1) : symbolmanager.cpp : 171
14:27:09.348 WARNING: Object file has minimal debug information: /tmpout/vx_exec.out
  SevWarning(1) : symbolmanager.cpp : 171
14:27:09.357 WARNING: Object file has minimal debug information: /tmpout/NiRioSrv.out
  SevWarning(1) : symbolmanager.cpp : 171
14:27:09.362 WARNING: Object file has minimal debug information: /c/ni-rt/system/ni_emb.out
  SevWarning(1) : symbolmanager.cpp : 171
14:27:09.366 WARNING: Object file has minimal debug information: /c/ni-rt/system/nisvcloc.out
  SevWarning(1) : symbolmanager.cpp : 171
14:27:09.372 WARNING: Object file has minimal debug information: /tmpout/nirpcs.out
  SevWarning(1) : symbolmanager.cpp : 171
14:27:09.378 WARNING: Object file has minimal debug information: /tmpout/niCPULib.out
  SevWarning(1) : symbolmanager.cpp : 171
14:27:09.383 WARNING: Object file has minimal debug information: /c/ni-rt/system/nirtdm.out
  SevWarning(1) : symbolmanager.cpp : 171
14:27:09.391 WARNING: Object file has minimal debug information: /tmpout/nisysapi.out
  SevWarning(1) : symbolmanager.cpp : 171
14:27:09.395 WARNING: Object file has minimal debug information: /c/ni-rt/system/debug.o
  SevWarning(1) : symbolmanager.cpp : 171
14:27:09.399 WARNING: Object file has minimal debug information: /tmpout/tsengine.out
  SevWarning(1) : symbolmanager.cpp : 171
14:27:09.404 WARNING: Object file has minimal debug information: /tmpout/libexpat.out
  SevWarning(1) : symbolmanager.cpp : 171
14:27:09.410 WARNING: Object file has minimal debug information: /tmpout/nimdnsResponder.out
  SevWarning(1) : symbolmanager.cpp : 171
14:27:09.413 WARNING: Object file has minimal debug information: /c/ni-rt/system/vxfpsup.out
  SevWarning(1) : symbolmanager.cpp : 171
14:27:09.417 WARNING: Object file has minimal debug information: /c/ni-rt/system/NiRioRpc.out
  SevWarning(1) : symbolmanager.cpp : 171
14:27:09.421 WARNING: Object file has minimal debug information: /c/ni-rt/system/nipci.out
  SevWarning(1) : symbolmanager.cpp : 171
14:27:09.424 WARNING: Object file has minimal debug information: /c/ni-rt/system/ftpserve.out
  SevWarning(1) : symbolmanager.cpp : 171
14:27:09.428 WARNING: Object file has minimal debug information: /c/ni-rt/system/NetConsole.out
  SevWarning(1) : symbolmanager.cpp : 171
14:27:09.431 WARNING: Object file has minimal debug information: /c/ni-rt/system/ts_rtc.out
  SevWarning(1) : symbolmanager.cpp : 171
14:27:09.434 WARNING: Object file has minimal debug information: /tmpout/libiconv.out
  SevWarning(1) : symbolmanager.cpp : 171
14:27:09.438 WARNING: Object file has minimal debug information: /c/ni-rt/system/lvuste.out
  SevWarning(1) : symbolmanager.cpp : 171
14:27:09.467 WARNING: Object file has minimal debug information: /tmpout/nivision.out
  SevWarning(1) : symbolmanager.cpp : 171
14:27:09.474 WARNING: Object file has minimal debug information: /c/ni-rt/system/NiViSv32.out
  SevWarning(1) : symbolmanager.cpp : 171
14:27:09.480 WARNING: Object file has minimal debug information: /tmpout/visa32.out
  SevWarning(1) : symbolmanager.cpp : 171
14:27:09.484 WARNING: Object file has minimal debug information: /tmpout/niserial.out
  SevWarning(1) : symbolmanager.cpp : 171
14:27:09.492 WARNING: Object file has minimal debug information: /tmpout/NiFpga.out
  SevWarning(1) : symbolmanager.cpp : 171
14:27:09.496 WARNING: Object file has minimal debug information: /c/ni-rt/system/NiFpgaLv.out
  SevWarning(1) : symbolmanager.cpp : 171
14:27:09.694 WARNING: Object file has minimal debug information: /c/ni-rt/system/FRC_FPGA.out
  SevWarning(1) : symbolmanager.cpp : 171
14:27:09.701 WARNING: Object file has minimal debug information: /tmpout/FRC_NetworkCommunication.out
  SevWarning(1) : symbolmanager.cpp : 171
14:27:09.705 WARNING: Object file has minimal debug information: /c/ni-rt/system/FRC_UserProgram.out
  SevWarning(1) : symbolmanager.cpp : 171
14:40:49.584 ERROR: Target not connected
  SevError(2) : torwtxCommon.cpp : 1057
14:40:50.738 WARNING: Object file has minimal debug information: /tmpout/nivissvc.out
  SevWarning(1) : symbolmanager.cpp : 171
14:40:50.784 WARNING: Object file has minimal debug information: /tmpout/nisysrpc.out
  SevWarning(1) : symbolmanager.cpp : 171
14:40:51.148 WARNING: Object file has minimal debug information: /tmpout/lvrt.out
  SevWarning(1) : symbolmanager.cpp : 171
14:40:51.163 WARNING: Object file has minimal debug information: /tmpout/niriomtk.out
  SevWarning(1) : symbolmanager.cpp : 171
14:40:51.170 WARNING: Object file has minimal debug information: /tmpout/target.out
  SevWarning(1) : symbolmanager.cpp : 171
14:40:51.188 WARNING: Object file has minimal debug information: /tmpout/vx_exec.out
  SevWarning(1) : symbolmanager.cpp : 171
14:40:51.199 WARNING: Object file has minimal debug information: /tmpout/NiRioSrv.out
  SevWarning(1) : symbolmanager.cpp : 171
14:40:51.205 WARNING: Object file has minimal debug information: /c/ni-rt/system/ni_emb.out
  SevWarning(1) : symbolmanager.cpp : 171
14:40:51.209 WARNING: Object file has minimal debug information: /c/ni-rt/system/nisvcloc.out
  SevWarning(1) : symbolmanager.cpp : 171
14:40:51.216 WARNING: Object file has minimal debug information: /tmpout/nirpcs.out
  SevWarning(1) : symbolmanager.cpp : 171
14:40:51.224 WARNING: Object file has minimal debug information: /tmpout/niCPULib.out
  SevWarning(1) : symbolmanager.cpp : 171
14:40:51.277 WARNING: Object file has minimal debug information: /c/ni-rt/system/nirtdm.out
  SevWarning(1) : symbolmanager.cpp : 171
14:40:51.286 WARNING: Object file has minimal debug information: /tmpout/nisysapi.out
  SevWarning(1) : symbolmanager.cpp : 171
14:40:51.289 WARNING: Object file has minimal debug information: /c/ni-rt/system/debug.o
  SevWarning(1) : symbolmanager.cpp : 171
14:40:51.293 WARNING: Object file has minimal debug information: /tmpout/tsengine.out
  SevWarning(1) : symbolmanager.cpp : 171
14:40:51.298 WARNING: Object file has minimal debug information: /tmpout/libexpat.out
  SevWarning(1) : symbolmanager.cpp : 171
14:40:51.303 WARNING: Object file has minimal debug information: /tmpout/nimdnsResponder.out
  SevWarning(1) : symbolmanager.cpp : 171
14:40:51.307 WARNING: Object file has minimal debug information: /c/ni-rt/system/vxfpsup.out
  SevWarning(1) : symbolmanager.cpp : 171
14:40:51.311 WARNING: Object file has minimal debug information: /c/ni-rt/system/NiRioRpc.out
  SevWarning(1) : symbolmanager.cpp : 171
14:40:51.314 WARNING: Object file has minimal debug information: /c/ni-rt/system/nipci.out
  SevWarning(1) : symbolmanager.cpp : 171
14:40:51.317 WARNING: Object file has minimal debug information: /c/ni-rt/system/ftpserve.out
  SevWarning(1) : symbolmanager.cpp : 171
14:40:51.321 WARNING: Object file has minimal debug information: /c/ni-rt/system/NetConsole.out
  SevWarning(1) : symbolmanager.cpp : 171
14:40:51.324 WARNING: Object file has minimal debug information: /c/ni-rt/system/ts_rtc.out
  SevWarning(1) : symbolmanager.cpp : 171
14:40:51.327 WARNING: Object file has minimal debug information: /tmpout/libiconv.out
  SevWarning(1) : symbolmanager.cpp : 171
14:40:51.330 WARNING: Object file has minimal debug information: /c/ni-rt/system/lvuste.out
  SevWarning(1) : symbolmanager.cpp : 171
14:40:51.916 WARNING: Object file has minimal debug information: /tmpout/nivision.out
  SevWarning(1) : symbolmanager.cpp : 171
14:40:51.981 WARNING: Object file has minimal debug information: /c/ni-rt/system/NiViSv32.out
  SevWarning(1) : symbolmanager.cpp : 171
14:40:52.040 WARNING: Object file has minimal debug information: /tmpout/visa32.out
  SevWarning(1) : symbolmanager.cpp : 171
14:40:52.242 WARNING: Object file has minimal debug information: /tmpout/niserial.out
  SevWarning(1) : symbolmanager.cpp : 171
14:40:52.376 WARNING: Object file has minimal debug information: /tmpout/NiFpga.out
  SevWarning(1) : symbolmanager.cpp : 171
14:40:52.428 WARNING: Object file has minimal debug information: /c/ni-rt/system/NiFpgaLv.out
  SevWarning(1) : symbolmanager.cpp : 171
14:40:53.898 WARNING: Object file has minimal debug information: /c/ni-rt/system/FRC_FPGA.out
  SevWarning(1) : symbolmanager.cpp : 171
14:40:53.967 WARNING: Object file has minimal debug information: /tmpout/FRC_NetworkCommunication.out
  SevWarning(1) : symbolmanager.cpp : 171
14:41:00.429 WARNING: Object file has minimal debug information: /c/ni-rt/system/FRC_UserProgram.out
  SevWarning(1) : symbolmanager.cpp : 171
14:41:59.548 ERROR: Target not connected
  SevError(2) : torwtxCommon.cpp : 1057
14:42:00.715 WARNING: Object file has minimal debug information: /tmpout/nivissvc.out
  SevWarning(1) : symbolmanager.cpp : 171
14:42:00.720 WARNING: Object file has minimal debug information: /tmpout/nisysrpc.out
  SevWarning(1) : symbolmanager.cpp : 171
14:42:01.030 WARNING: Object file has minimal debug information: /tmpout/lvrt.out
  SevWarning(1) : symbolmanager.cpp : 171
14:42:01.048 WARNING: Object file has minimal debug information: /tmpout/niriomtk.out
  SevWarning(1) : symbolmanager.cpp : 171
14:42:01.055 WARNING: Object file has minimal debug information: /tmpout/target.out
  SevWarning(1) : symbolmanager.cpp : 171
14:42:01.082 WARNING: Object file has minimal debug information: /tmpout/nivision.out
  SevWarning(1) : symbolmanager.cpp : 171
14:42:01.101 WARNING: Object file has minimal debug information: /tmpout/vx_exec.out
  SevWarning(1) : symbolmanager.cpp : 171
14:42:01.112 WARNING: Object file has minimal debug information: /tmpout/NiRioSrv.out
  SevWarning(1) : symbolmanager.cpp : 171
14:42:01.170 WARNING: Object file has minimal debug information: /c/ni-rt/system/ni_emb.out
  SevWarning(1) : symbolmanager.cpp : 171
14:42:01.174 WARNING: Object file has minimal debug information: /c/ni-rt/system/nisvcloc.out
  SevWarning(1) : symbolmanager.cpp : 171
14:42:01.181 WARNING: Object file has minimal debug information: /tmpout/nirpcs.out
  SevWarning(1) : symbolmanager.cpp : 171
14:42:01.187 WARNING: Object file has minimal debug information: /tmpout/niCPULib.out
  SevWarning(1) : symbolmanager.cpp : 171
14:42:01.193 WARNING: Object file has minimal debug information: /c/ni-rt/system/NiViSv32.out
  SevWarning(1) : symbolmanager.cpp : 171
14:42:01.197 WARNING: Object file has minimal debug information: /c/ni-rt/system/nirtdm.out
  SevWarning(1) : symbolmanager.cpp : 171
14:42:01.209 WARNING: Object file has minimal debug information: /tmpout/nisysapi.out
  SevWarning(1) : symbolmanager.cpp : 171
14:42:01.219 WARNING: Object file has minimal debug information: /c/ni-rt/system/debug.o
  SevWarning(1) : symbolmanager.cpp : 171
14:42:01.224 WARNING: Object file has minimal debug information: /tmpout/tsengine.out
  SevWarning(1) : symbolmanager.cpp : 171
14:42:01.231 WARNING: Object file has minimal debug information: /tmpout/libexpat.out
  SevWarning(1) : symbolmanager.cpp : 171
14:42:01.237 WARNING: Object file has minimal debug information: /tmpout/nimdnsResponder.out
  SevWarning(1) : symbolmanager.cpp : 171
14:42:01.241 WARNING: Object file has minimal debug information: /c/ni-rt/system/vxfpsup.out
  SevWarning(1) : symbolmanager.cpp : 171
14:42:01.246 WARNING: Object file has minimal debug information: /c/ni-rt/system/NiRioRpc.out
  SevWarning(1) : symbolmanager.cpp : 171
14:42:01.252 WARNING: Object file has minimal debug information: /c/ni-rt/system/nipci.out
  SevWarning(1) : symbolmanager.cpp : 171
14:42:01.256 WARNING: Object file has minimal debug information: /c/ni-rt/system/ftpserve.out
  SevWarning(1) : symbolmanager.cpp : 171
14:42:01.260 WARNING: Object file has minimal debug information: /c/ni-rt/system/NetConsole.out
  SevWarning(1) : symbolmanager.cpp : 171
14:42:01.263 WARNING: Object file has minimal debug information: /c/ni-rt/system/ts_rtc.out
  SevWarning(1) : symbolmanager.cpp : 171
14:42:01.267 WARNING: Object file has minimal debug information: /tmpout/libiconv.out
  SevWarning(1) : symbolmanager.cpp : 171
14:42:01.270 WARNING: Object file has minimal debug information: /c/ni-rt/system/lvuste.out
  SevWarning(1) : symbolmanager.cpp : 171
14:42:01.288 WARNING: Object file has minimal debug information: /tmpout/visa32.out
  SevWarning(1) : symbolmanager.cpp : 171
14:42:01.316 WARNING: Object file has minimal debug information: /tmpout/niserial.out
  SevWarning(1) : symbolmanager.cpp : 171
14:42:01.445 WARNING: Object file has minimal debug information: /tmpout/NiFpga.out
  SevWarning(1) : symbolmanager.cpp : 171
14:42:01.468 WARNING: Object file has minimal debug information: /c/ni-rt/system/NiFpgaLv.out
  SevWarning(1) : symbolmanager.cpp : 171
14:42:02.957 WARNING: Object file has minimal debug information: /c/ni-rt/system/FRC_FPGA.out
  SevWarning(1) : symbolmanager.cpp : 171
14:42:03.023 WARNING: Object file has minimal debug information: /tmpout/FRC_NetworkCommunication.out
  SevWarning(1) : symbolmanager.cpp : 171
14:42:09.839 WARNING: Object file has minimal debug information: /c/ni-rt/system/FRC_UserProgram.out
  SevWarning(1) : symbolmanager.cpp : 171
14:46:26.225 ERROR: Target not connected
  SevError(2) : torwtxCommon.cpp : 1057
14:46:27.399 WARNING: Object file has minimal debug information: /tmpout/nivissvc.out
  SevWarning(1) : symbolmanager.cpp : 171
14:46:27.461 WARNING: Object file has minimal debug information: /tmpout/nisysrpc.out
  SevWarning(1) : symbolmanager.cpp : 171
14:46:27.745 WARNING: Object file has minimal debug information: /tmpout/lvrt.out
  SevWarning(1) : symbolmanager.cpp : 171
14:46:27.759 WARNING: Object file has minimal debug information: /tmpout/niriomtk.out
  SevWarning(1) : symbolmanager.cpp : 171
14:46:27.764 WARNING: Object file has minimal debug information: /tmpout/target.out
  SevWarning(1) : symbolmanager.cpp : 171
14:46:27.825 WARNING: Object file has minimal debug information: /tmpout/vx_exec.out
  SevWarning(1) : symbolmanager.cpp : 171
14:46:27.834 WARNING: Object file has minimal debug information: /tmpout/NiRioSrv.out
  SevWarning(1) : symbolmanager.cpp : 171
14:46:27.840 WARNING: Object file has minimal debug information: /c/ni-rt/system/ni_emb.out
  SevWarning(1) : symbolmanager.cpp : 171
14:46:27.844 WARNING: Object file has minimal debug information: /c/ni-rt/system/nisvcloc.out
  SevWarning(1) : symbolmanager.cpp : 171
14:46:27.850 WARNING: Object file has minimal debug information: /tmpout/nirpcs.out
  SevWarning(1) : symbolmanager.cpp : 171
14:46:27.858 WARNING: Object file has minimal debug information: /tmpout/niCPULib.out
  SevWarning(1) : symbolmanager.cpp : 171
14:46:27.862 WARNING: Object file has minimal debug information: /c/ni-rt/system/nirtdm.out
  SevWarning(1) : symbolmanager.cpp : 171
14:46:27.871 WARNING: Object file has minimal debug information: /tmpout/nisysapi.out
  SevWarning(1) : symbolmanager.cpp : 171
14:46:27.874 WARNING: Object file has minimal debug information: /c/ni-rt/system/debug.o
  SevWarning(1) : symbolmanager.cpp : 171
14:46:27.878 WARNING: Object file has minimal debug information: /tmpout/tsengine.out
  SevWarning(1) : symbolmanager.cpp : 171
14:46:27.883 WARNING: Object file has minimal debug information: /tmpout/libexpat.out
  SevWarning(1) : symbolmanager.cpp : 171
14:46:27.888 WARNING: Object file has minimal debug information: /tmpout/nimdnsResponder.out
  SevWarning(1) : symbolmanager.cpp : 171
14:46:27.891 WARNING: Object file has minimal debug information: /c/ni-rt/system/vxfpsup.out
  SevWarning(1) : symbolmanager.cpp : 171
14:46:27.895 WARNING: Object file has minimal debug information: /c/ni-rt/system/NiRioRpc.out
  SevWarning(1) : symbolmanager.cpp : 171
14:46:27.898 WARNING: Object file has minimal debug information: /c/ni-rt/system/nipci.out
  SevWarning(1) : symbolmanager.cpp : 171
14:46:27.901 WARNING: Object file has minimal debug information: /c/ni-rt/system/ftpserve.out
  SevWarning(1) : symbolmanager.cpp : 171
14:46:27.905 WARNING: Object file has minimal debug information: /c/ni-rt/system/NetConsole.out
  SevWarning(1) : symbolmanager.cpp : 171
14:46:27.908 WARNING: Object file has minimal debug information: /c/ni-rt/system/ts_rtc.out
  SevWarning(1) : symbolmanager.cpp : 171
14:46:27.910 WARNING: Object file has minimal debug information: /tmpout/libiconv.out
  SevWarning(1) : symbolmanager.cpp : 171
14:46:27.913 WARNING: Object file has minimal debug information: /c/ni-rt/system/lvuste.out
  SevWarning(1) : symbolmanager.cpp : 171
14:46:28.925 WARNING: Object file has minimal debug information: /tmpout/nivision.out
  SevWarning(1) : symbolmanager.cpp : 171
14:46:28.972 WARNING: Object file has minimal debug information: /c/ni-rt/system/NiViSv32.out
  SevWarning(1) : symbolmanager.cpp : 171
14:46:29.009 WARNING: Object file has minimal debug information: /tmpout/visa32.out
  SevWarning(1) : symbolmanager.cpp : 171
14:46:29.111 WARNING: Object file has minimal debug information: /tmpout/niserial.out
  SevWarning(1) : symbolmanager.cpp : 171
14:46:29.150 WARNING: Object file has minimal debug information: /tmpout/NiFpga.out
  SevWarning(1) : symbolmanager.cpp : 171
14:46:29.188 WARNING: Object file has minimal debug information: /c/ni-rt/system/NiFpgaLv.out
  SevWarning(1) : symbolmanager.cpp : 171
14:46:30.688 WARNING: Object file has minimal debug information: /c/ni-rt/system/FRC_FPGA.out
  SevWarning(1) : symbolmanager.cpp : 171
14:46:30.777 WARNING: Object file has minimal debug information: /tmpout/FRC_NetworkCommunication.out
  SevWarning(1) : symbolmanager.cpp : 171
14:46:38.685 WARNING: Object file has minimal debug information: /c/ni-rt/system/FRC_UserProgram.out
  SevWarning(1) : symbolmanager.cpp : 171
14:47:27.480 ERROR: Target not connected
  SevError(2) : torwtxCommon.cpp : 1057
14:47:28.669 WARNING: Object file has minimal debug information: /tmpout/nivision.out
  SevWarning(1) : symbolmanager.cpp : 171
14:47:28.706 WARNING: Object file has minimal debug information: /c/ni-rt/system/NiViSv32.out
  SevWarning(1) : symbolmanager.cpp : 171
14:47:28.726 WARNING: Object file has minimal debug information: /tmpout/nivissvc.out
  SevWarning(1) : symbolmanager.cpp : 171
14:47:28.731 WARNING: Object file has minimal debug information: /tmpout/nisysrpc.out
  SevWarning(1) : symbolmanager.cpp : 171
14:47:29.098 WARNING: Object file has minimal debug information: /tmpout/lvrt.out
  SevWarning(1) : symbolmanager.cpp : 171
14:47:29.163 WARNING: Object file has minimal debug information: /tmpout/niriomtk.out
  SevWarning(1) : symbolmanager.cpp : 171
14:47:29.171 WARNING: Object file has minimal debug information: /tmpout/target.out
  SevWarning(1) : symbolmanager.cpp : 171
14:47:29.189 WARNING: Object file has minimal debug information: /tmpout/vx_exec.out
  SevWarning(1) : symbolmanager.cpp : 171
14:47:29.200 WARNING: Object file has minimal debug information: /tmpout/NiRioSrv.out
  SevWarning(1) : symbolmanager.cpp : 171
14:47:29.206 WARNING: Object file has minimal debug information: /c/ni-rt/system/ni_emb.out
  SevWarning(1) : symbolmanager.cpp : 171
14:47:29.210 WARNING: Object file has minimal debug information: /c/ni-rt/system/nisvcloc.out
  SevWarning(1) : symbolmanager.cpp : 171
14:47:29.217 WARNING: Object file has minimal debug information: /tmpout/nirpcs.out
  SevWarning(1) : symbolmanager.cpp : 171
14:47:29.223 WARNING: Object file has minimal debug information: /tmpout/niCPULib.out
  SevWarning(1) : symbolmanager.cpp : 171
14:47:29.228 WARNING: Object file has minimal debug information: /c/ni-rt/system/nirtdm.out
  SevWarning(1) : symbolmanager.cpp : 171
14:47:29.238 WARNING: Object file has minimal debug information: /tmpout/nisysapi.out
  SevWarning(1) : symbolmanager.cpp : 171
14:47:29.242 WARNING: Object file has minimal debug information: /c/ni-rt/system/debug.o
  SevWarning(1) : symbolmanager.cpp : 171
14:47:29.246 WARNING: Object file has minimal debug information: /tmpout/tsengine.out
  SevWarning(1) : symbolmanager.cpp : 171
14:47:29.251 WARNING: Object file has minimal debug information: /tmpout/libexpat.out
  SevWarning(1) : symbolmanager.cpp : 171
14:47:29.257 WARNING: Object file has minimal debug information: /tmpout/nimdnsResponder.out
  SevWarning(1) : symbolmanager.cpp : 171
14:47:29.264 WARNING: Object file has minimal debug information: /c/ni-rt/system/vxfpsup.out
  SevWarning(1) : symbolmanager.cpp : 171
14:47:29.269 WARNING: Object file has minimal debug information: /c/ni-rt/system/NiRioRpc.out
  SevWarning(1) : symbolmanager.cpp : 171
14:47:29.274 WARNING: Object file has minimal debug information: /c/ni-rt/system/nipci.out
  SevWarning(1) : symbolmanager.cpp : 171
14:47:29.277 WARNING: Object file has minimal debug information: /c/ni-rt/system/ftpserve.out
  SevWarning(1) : symbolmanager.cpp : 171
14:47:29.281 WARNING: Object file has minimal debug information: /c/ni-rt/system/NetConsole.out
  SevWarning(1) : symbolmanager.cpp : 171
14:47:29.288 WARNING: Object file has minimal debug information: /tmpout/visa32.out
  SevWarning(1) : symbolmanager.cpp : 171
14:47:29.296 WARNING: Object file has minimal debug information: /c/ni-rt/system/ts_rtc.out
  SevWarning(1) : symbolmanager.cpp : 171
14:47:29.306 WARNING: Object file has minimal debug information: /tmpout/libiconv.out
  SevWarning(1) : symbolmanager.cpp : 171
14:47:29.310 WARNING: Object file has minimal debug information: /c/ni-rt/system/lvuste.out
  SevWarning(1) : symbolmanager.cpp : 171
14:47:29.316 WARNING: Object file has minimal debug information: /tmpout/niserial.out
  SevWarning(1) : symbolmanager.cpp : 171
14:47:29.337 WARNING: Object file has minimal debug information: /tmpout/NiFpga.out
  SevWarning(1) : symbolmanager.cpp : 171
14:47:29.355 WARNING: Object file has minimal debug information: /c/ni-rt/system/NiFpgaLv.out
  SevWarning(1) : symbolmanager.cpp : 171
14:47:29.759 WARNING: Object file has minimal debug information: /c/ni-rt/system/NiViSv32.out
  SevWarning(1) : symbolmanager.cpp : 171
14:47:30.610 WARNING: Object file has minimal debug information: /c/ni-rt/system/FRC_FPGA.out
  SevWarning(1) : symbolmanager.cpp : 171
14:47:30.680 WARNING: Object file has minimal debug information: /tmpout/FRC_NetworkCommunication.out
  SevWarning(1) : symbolmanager.cpp : 171
14:47:39.276 WARNING: Object file has minimal debug information: /c/ni-rt/system/FRC_UserProgram.out
  SevWarning(1) : symbolmanager.cpp : 171
14:49:54.362 ERROR: Target not connected
  SevError(2) : torwtxCommon.cpp : 1057
14:49:55.597 WARNING: Object file has minimal debug information: /tmpout/nisysrpc.out
  SevWarning(1) : symbolmanager.cpp : 171
14:49:55.891 WARNING: Object file has minimal debug information: /tmpout/lvrt.out
  SevWarning(1) : symbolmanager.cpp : 171
14:49:55.951 WARNING: Object file has minimal debug information: /tmpout/niriomtk.out
  SevWarning(1) : symbolmanager.cpp : 171
14:49:55.974 WARNING: Object file has minimal debug information: /tmpout/target.out
  SevWarning(1) : symbolmanager.cpp : 171
14:49:55.991 WARNING: Object file has minimal debug information: /tmpout/vx_exec.out
  SevWarning(1) : symbolmanager.cpp : 171
14:49:56.002 WARNING: Object file has minimal debug information: /tmpout/NiRioSrv.out
  SevWarning(1) : symbolmanager.cpp : 171
14:49:56.020 WARNING: Object file has minimal debug information: /tmpout/nivissvc.out
  SevWarning(1) : symbolmanager.cpp : 171
14:49:56.027 WARNING: Object file has minimal debug information: /c/ni-rt/system/ni_emb.out
  SevWarning(1) : symbolmanager.cpp : 171
14:49:56.033 WARNING: Object file has minimal debug information: /c/ni-rt/system/nisvcloc.out
  SevWarning(1) : symbolmanager.cpp : 171
14:49:56.043 WARNING: Object file has minimal debug information: /tmpout/nirpcs.out
  SevWarning(1) : symbolmanager.cpp : 171
14:49:56.054 WARNING: Object file has minimal debug information: /tmpout/niCPULib.out
  SevWarning(1) : symbolmanager.cpp : 171
14:49:56.059 WARNING: Object file has minimal debug information: /c/ni-rt/system/nirtdm.out
  SevWarning(1) : symbolmanager.cpp : 171
14:49:56.068 WARNING: Object file has minimal debug information: /tmpout/nisysapi.out
  SevWarning(1) : symbolmanager.cpp : 171
14:49:56.072 WARNING: Object file has minimal debug information: /c/ni-rt/system/debug.o
  SevWarning(1) : symbolmanager.cpp : 171
14:49:56.077 WARNING: Object file has minimal debug information: /tmpout/tsengine.out
  SevWarning(1) : symbolmanager.cpp : 171
14:49:56.083 WARNING: Object file has minimal debug information: /tmpout/libexpat.out
  SevWarning(1) : symbolmanager.cpp : 171
14:49:56.089 WARNING: Object file has minimal debug information: /tmpout/nimdnsResponder.out
  SevWarning(1) : symbolmanager.cpp : 171
14:49:56.093 WARNING: Object file has minimal debug information: /c/ni-rt/system/vxfpsup.out
  SevWarning(1) : symbolmanager.cpp : 171
14:49:56.097 WARNING: Object file has minimal debug information: /c/ni-rt/system/NiRioRpc.out
  SevWarning(1) : symbolmanager.cpp : 171
14:49:56.101 WARNING: Object file has minimal debug information: /c/ni-rt/system/nipci.out
  SevWarning(1) : symbolmanager.cpp : 171
14:49:56.105 WARNING: Object file has minimal debug information: /c/ni-rt/system/ftpserve.out
  SevWarning(1) : symbolmanager.cpp : 171
14:49:56.109 WARNING: Object file has minimal debug information: /c/ni-rt/system/NetConsole.out
  SevWarning(1) : symbolmanager.cpp : 171
14:49:56.112 WARNING: Object file has minimal debug information: /c/ni-rt/system/ts_rtc.out
  SevWarning(1) : symbolmanager.cpp : 171
14:49:56.115 WARNING: Object file has minimal debug information: /tmpout/libiconv.out
  SevWarning(1) : symbolmanager.cpp : 171
14:49:56.118 WARNING: Object file has minimal debug information: /c/ni-rt/system/lvuste.out
  SevWarning(1) : symbolmanager.cpp : 171
14:49:57.219 WARNING: Object file has minimal debug information: /tmpout/nivision.out
  SevWarning(1) : symbolmanager.cpp : 171
14:49:57.258 WARNING: Object file has minimal debug information: /c/ni-rt/system/NiViSv32.out
  SevWarning(1) : symbolmanager.cpp : 171
14:49:57.321 WARNING: Object file has minimal debug information: /tmpout/visa32.out
  SevWarning(1) : symbolmanager.cpp : 171
14:49:57.519 WARNING: Object file has minimal debug information: /tmpout/niserial.out
  SevWarning(1) : symbolmanager.cpp : 171
14:49:57.651 WARNING: Object file has minimal debug information: /tmpout/NiFpga.out
  SevWarning(1) : symbolmanager.cpp : 171
14:49:57.700 WARNING: Object file has minimal debug information: /c/ni-rt/system/NiFpgaLv.out
  SevWarning(1) : symbolmanager.cpp : 171
14:49:59.157 WARNING: Object file has minimal debug information: /c/ni-rt/system/FRC_FPGA.out
  SevWarning(1) : symbolmanager.cpp : 171
14:49:59.240 WARNING: Object file has minimal debug information: /tmpout/FRC_NetworkCommunication.out
  SevWarning(1) : symbolmanager.cpp : 171
14:50:07.451 WARNING: Object file has minimal debug information: /c/ni-rt/system/FRC_UserProgram.out
  SevWarning(1) : symbolmanager.cpp : 171
14:52:07.982 ERROR: The TOS object is not initialized
  Tos Component : SevError(2) : tosobject.cpp : 2205
14:52:08.172 ERROR: Unrecognized property: General:ReverseStepping
  SevError(2) : tcproperties.cpp : 92
14:52:08.172 ERROR: Unrecognized property: General:ReverseStepping
  SevError(2) : tcproperties.cpp : 92
14:52:08.172 ERROR: Unrecognized property: General:ReverseStepping
  SevError(2) : tcproperties.cpp : 92
14:52:08.172 ERROR: Unrecognized property: General:ReverseStepping
  SevError(2) : tcproperties.cpp : 92
14:52:08.395 ERROR: The TOS object is not initialized
  Tos Component : SevError(2) : tosobject.cpp : 2205
14:52:08.396 ERROR: The TOS object is not initialized
  Tos Component : SevError(2) : tosobject.cpp : 2205
14:52:08.504 ERROR: The TOS object is not initialized
  Tos Component : SevError(2) : tosobject.cpp : 2205
14:52:08.504 ERROR: The TOS object is not initialized
  Tos Component : SevError(2) : tosobject.cpp : 2205
14:52:09.375 ERROR: The TOS object is not initialized
  Tos Component : SevError(2) : tosobject.cpp : 2205
14:52:09.375 ERROR: The TOS object is not initialized
  Tos Component : SevError(2) : tosobject.cpp : 2205
14:53:19.469 ERROR: Target not connected
  SevError(2) : torwtxCommon.cpp : 1057
14:53:20.816 WARNING: Object file has minimal debug information: /tmpout/nisysrpc.out
  SevWarning(1) : symbolmanager.cpp : 171
14:53:21.171 WARNING: Object file has minimal debug information: /tmpout/lvrt.out
  SevWarning(1) : symbolmanager.cpp : 171
14:53:21.233 WARNING: Object file has minimal debug information: /tmpout/niriomtk.out
  SevWarning(1) : symbolmanager.cpp : 171
14:53:21.239 WARNING: Object file has minimal debug information: /tmpout/target.out
  SevWarning(1) : symbolmanager.cpp : 171
14:53:21.255 WARNING: Object file has minimal debug information: /tmpout/vx_exec.out
  SevWarning(1) : symbolmanager.cpp : 171
14:53:21.265 WARNING: Object file has minimal debug information: /tmpout/NiRioSrv.out
  SevWarning(1) : symbolmanager.cpp : 171
14:53:21.271 WARNING: Object file has minimal debug information: /c/ni-rt/system/ni_emb.out
  SevWarning(1) : symbolmanager.cpp : 171
14:53:21.278 WARNING: Object file has minimal debug information: /c/ni-rt/system/nisvcloc.out
  SevWarning(1) : symbolmanager.cpp : 171
14:53:21.290 WARNING: Object file has minimal debug information: /tmpout/nirpcs.out
  SevWarning(1) : symbolmanager.cpp : 171
14:53:21.306 WARNING: Object file has minimal debug information: /tmpout/nivissvc.out
  SevWarning(1) : symbolmanager.cpp : 171
14:53:21.313 WARNING: Object file has minimal debug information: /tmpout/niCPULib.out
  SevWarning(1) : symbolmanager.cpp : 171
14:53:21.317 WARNING: Object file has minimal debug information: /c/ni-rt/system/nirtdm.out
  SevWarning(1) : symbolmanager.cpp : 171
14:53:21.326 WARNING: Object file has minimal debug information: /tmpout/nisysapi.out
  SevWarning(1) : symbolmanager.cpp : 171
14:53:21.329 WARNING: Object file has minimal debug information: /c/ni-rt/system/debug.o
  SevWarning(1) : symbolmanager.cpp : 171
14:53:21.333 WARNING: Object file has minimal debug information: /tmpout/tsengine.out
  SevWarning(1) : symbolmanager.cpp : 171
14:53:21.338 WARNING: Object file has minimal debug information: /tmpout/libexpat.out
  SevWarning(1) : symbolmanager.cpp : 171
14:53:21.343 WARNING: Object file has minimal debug information: /tmpout/nimdnsResponder.out
  SevWarning(1) : symbolmanager.cpp : 171
14:53:21.348 WARNING: Object file has minimal debug information: /c/ni-rt/system/vxfpsup.out
  SevWarning(1) : symbolmanager.cpp : 171
14:53:21.352 WARNING: Object file has minimal debug information: /c/ni-rt/system/NiRioRpc.out
  SevWarning(1) : symbolmanager.cpp : 171
14:53:21.357 WARNING: Object file has minimal debug information: /c/ni-rt/system/nipci.out
  SevWarning(1) : symbolmanager.cpp : 171
14:53:21.360 WARNING: Object file has minimal debug information: /c/ni-rt/system/ftpserve.out
  SevWarning(1) : symbolmanager.cpp : 171
14:53:21.364 WARNING: Object file has minimal debug information: /c/ni-rt/system/NetConsole.out
  SevWarning(1) : symbolmanager.cpp : 171
14:53:21.367 WARNING: Object file has minimal debug information: /c/ni-rt/system/ts_rtc.out
  SevWarning(1) : symbolmanager.cpp : 171
14:53:21.373 WARNING: Object file has minimal debug information: /tmpout/libiconv.out
  SevWarning(1) : symbolmanager.cpp : 171
14:53:21.377 WARNING: Object file has minimal debug information: /c/ni-rt/system/lvuste.out
  SevWarning(1) : symbolmanager.cpp : 171
14:53:22.434 WARNING: Object file has minimal debug information: /tmpout/nivision.out
  SevWarning(1) : symbolmanager.cpp : 171
14:53:22.477 WARNING: Object file has minimal debug information: /c/ni-rt/system/NiViSv32.out
  SevWarning(1) : symbolmanager.cpp : 171
14:53:22.537 WARNING: Object file has minimal debug information: /tmpout/visa32.out
  SevWarning(1) : symbolmanager.cpp : 171
14:53:22.738 WARNING: Object file has minimal debug information: /tmpout/niserial.out
  SevWarning(1) : symbolmanager.cpp : 171
14:53:22.873 WARNING: Object file has minimal debug information: /tmpout/NiFpga.out
  SevWarning(1) : symbolmanager.cpp : 171
14:53:22.919 WARNING: Object file has minimal debug information: /c/ni-rt/system/NiFpgaLv.out
  SevWarning(1) : symbolmanager.cpp : 171
14:53:24.472 WARNING: Object file has minimal debug information: /c/ni-rt/system/FRC_FPGA.out
  SevWarning(1) : symbolmanager.cpp : 171
14:53:24.539 WARNING: Object file has minimal debug information: /tmpout/FRC_NetworkCommunication.out
  SevWarning(1) : symbolmanager.cpp : 171
14:53:32.399 WARNING: Object file has minimal debug information: /c/ni-rt/system/FRC_UserProgram.out
  SevWarning(1) : symbolmanager.cpp : 171
14:54:17.725 ERROR: Property not found: ModuleOSManaged
  Tos Component : SevError(2) : tosobject.cpp : 2488
14:54:17.726 ERROR: Program context is undefined
  SevError(2) : scdataaccess.cpp : 2922
14:54:17.726 ERROR: Cannot determine register repository for context '': SCRegisterAccess::GetPC
  SevError(2) : programcontext.cpp : 4495
14:54:17.726 ERROR: Cannot determine register repository for context ''
  SevError(2) : programcontext.cpp : 4495
14:54:17.764 ERROR: The module requires OS information to perform relocations.: ModuleInfo::GetAddressAdjustments
  Module Component : SevError(2) : moduleslist.cpp : 2476
14:54:17.764 ERROR: The module requires OS information to perform relocations.
  Module Component : SevError(2) : moduleslist.cpp : 2476
14:54:17.764 WARNING: The module requires OS information to perform relocations.: moduleload.cpp::AdjustSectionsAddress
  Module Component : SevWarning(1) : moduleload.cpp : 975
14:54:17.764 WARNING: The module requires OS information to perform relocations.
  Module Component : SevWarning(1) : moduleload.cpp : 975
14:54:17.764 ERROR: Program context is undefined
  SevError(2) : scdataaccess.cpp : 2922
14:54:17.764 ERROR: Cannot determine register repository for context '': SCRegisterAccess::GetPC
  SevError(2) : programcontext.cpp : 4495
14:54:17.764 ERROR: Cannot determine register repository for context ''
  SevError(2) : programcontext.cpp : 4495
15:08:04.485 ERROR: Target not connected
  SevError(2) : torwtxCommon.cpp : 1057
15:08:05.637 WARNING: Object file has minimal debug information: /tmpout/nivissvc.out
  SevWarning(1) : symbolmanager.cpp : 171
15:08:05.642 WARNING: Object file has minimal debug information: /tmpout/nisysrpc.out
  SevWarning(1) : symbolmanager.cpp : 171
15:08:06.008 WARNING: Object file has minimal debug information: /tmpout/lvrt.out
  SevWarning(1) : symbolmanager.cpp : 171
15:08:06.022 WARNING: Object file has minimal debug information: /tmpout/niriomtk.out
  SevWarning(1) : symbolmanager.cpp : 171
15:08:06.027 WARNING: Object file has minimal debug information: /tmpout/target.out
  SevWarning(1) : symbolmanager.cpp : 171
15:08:06.090 WARNING: Object file has minimal debug information: /tmpout/vx_exec.out
  SevWarning(1) : symbolmanager.cpp : 171
15:08:06.101 WARNING: Object file has minimal debug information: /tmpout/NiRioSrv.out
  SevWarning(1) : symbolmanager.cpp : 171
15:08:06.106 WARNING: Object file has minimal debug information: /c/ni-rt/system/ni_emb.out
  SevWarning(1) : symbolmanager.cpp : 171
15:08:06.110 WARNING: Object file has minimal debug information: /c/ni-rt/system/nisvcloc.out
  SevWarning(1) : symbolmanager.cpp : 171
15:08:06.116 WARNING: Object file has minimal debug information: /tmpout/nirpcs.out
  SevWarning(1) : symbolmanager.cpp : 171
15:08:06.121 WARNING: Object file has minimal debug information: /tmpout/niCPULib.out
  SevWarning(1) : symbolmanager.cpp : 171
15:08:06.125 WARNING: Object file has minimal debug information: /c/ni-rt/system/nirtdm.out
  SevWarning(1) : symbolmanager.cpp : 171
15:08:06.135 WARNING: Object file has minimal debug information: /tmpout/nisysapi.out
  SevWarning(1) : symbolmanager.cpp : 171
15:08:06.138 WARNING: Object file has minimal debug information: /c/ni-rt/system/debug.o
  SevWarning(1) : symbolmanager.cpp : 171
15:08:06.143 WARNING: Object file has minimal debug information: /tmpout/tsengine.out
  SevWarning(1) : symbolmanager.cpp : 171
15:08:06.152 WARNING: Object file has minimal debug information: /tmpout/libexpat.out
  SevWarning(1) : symbolmanager.cpp : 171
15:08:06.163 WARNING: Object file has minimal debug information: /tmpout/nimdnsResponder.out
  SevWarning(1) : symbolmanager.cpp : 171
15:08:06.167 WARNING: Object file has minimal debug information: /c/ni-rt/system/vxfpsup.out
  SevWarning(1) : symbolmanager.cpp : 171
15:08:06.170 WARNING: Object file has minimal debug information: /c/ni-rt/system/NiRioRpc.out
  SevWarning(1) : symbolmanager.cpp : 171
15:08:06.173 WARNING: Object file has minimal debug information: /c/ni-rt/system/nipci.out
  SevWarning(1) : symbolmanager.cpp : 171
15:08:06.176 WARNING: Object file has minimal debug information: /c/ni-rt/system/ftpserve.out
  SevWarning(1) : symbolmanager.cpp : 171
15:08:06.180 WARNING: Object file has minimal debug information: /c/ni-rt/system/NetConsole.out
  SevWarning(1) : symbolmanager.cpp : 171
15:08:06.183 WARNING: Object file has minimal debug information: /c/ni-rt/system/ts_rtc.out
  SevWarning(1) : symbolmanager.cpp : 171
15:08:06.186 WARNING: Object file has minimal debug information: /tmpout/libiconv.out
  SevWarning(1) : symbolmanager.cpp : 171
15:08:06.189 WARNING: Object file has minimal debug information: /c/ni-rt/system/lvuste.out
  SevWarning(1) : symbolmanager.cpp : 171
15:08:06.592 WARNING: Object file has minimal debug information: /tmpout/nivision.out
  SevWarning(1) : symbolmanager.cpp : 171
15:08:06.614 WARNING: Object file has minimal debug information: /c/ni-rt/system/NiViSv32.out
  SevWarning(1) : symbolmanager.cpp : 171
15:08:06.669 WARNING: Object file has minimal debug information: /tmpout/visa32.out
  SevWarning(1) : symbolmanager.cpp : 171
15:08:06.867 WARNING: Object file has minimal debug information: /tmpout/niserial.out
  SevWarning(1) : symbolmanager.cpp : 171
15:08:07.015 WARNING: Object file has minimal debug information: /tmpout/NiFpga.out
  SevWarning(1) : symbolmanager.cpp : 171
15:08:07.068 WARNING: Object file has minimal debug information: /c/ni-rt/system/NiFpgaLv.out
  SevWarning(1) : symbolmanager.cpp : 171
15:08:08.502 WARNING: Object file has minimal debug information: /c/ni-rt/system/FRC_FPGA.out
  SevWarning(1) : symbolmanager.cpp : 171
15:08:08.574 WARNING: Object file has minimal debug information: /tmpout/FRC_NetworkCommunication.out
  SevWarning(1) : symbolmanager.cpp : 171
15:08:16.799 WARNING: Object file has minimal debug information: /c/ni-rt/system/FRC_UserProgram.out
  SevWarning(1) : symbolmanager.cpp : 171
15:13:09.488 ERROR: Target not connected
  SevError(2) : torwtxCommon.cpp : 1057
15:13:10.652 WARNING: Object file has minimal debug information: /tmpout/nivissvc.out
  SevWarning(1) : symbolmanager.cpp : 171
15:13:10.657 WARNING: Object file has minimal debug information: /tmpout/nisysrpc.out
  SevWarning(1) : symbolmanager.cpp : 171
15:13:10.958 WARNING: Object file has minimal debug information: /tmpout/lvrt.out
  SevWarning(1) : symbolmanager.cpp : 171
15:13:10.972 WARNING: Object file has minimal debug information: /tmpout/niriomtk.out
  SevWarning(1) : symbolmanager.cpp : 171
15:13:10.977 WARNING: Object file has minimal debug information: /tmpout/target.out
  SevWarning(1) : symbolmanager.cpp : 171
15:13:10.993 WARNING: Object file has minimal debug information: /tmpout/vx_exec.out
  SevWarning(1) : symbolmanager.cpp : 171
15:13:11.002 WARNING: Object file has minimal debug information: /tmpout/NiRioSrv.out
  SevWarning(1) : symbolmanager.cpp : 171
15:13:11.008 WARNING: Object file has minimal debug information: /c/ni-rt/system/ni_emb.out
  SevWarning(1) : symbolmanager.cpp : 171
15:13:11.015 WARNING: Object file has minimal debug information: /c/ni-rt/system/nisvcloc.out
  SevWarning(1) : symbolmanager.cpp : 171
15:13:11.077 WARNING: Object file has minimal debug information: /tmpout/nirpcs.out
  SevWarning(1) : symbolmanager.cpp : 171
15:13:11.089 WARNING: Object file has minimal debug information: /tmpout/niCPULib.out
  SevWarning(1) : symbolmanager.cpp : 171
15:13:11.094 WARNING: Object file has minimal debug information: /c/ni-rt/system/nirtdm.out
  SevWarning(1) : symbolmanager.cpp : 171
15:13:11.103 WARNING: Object file has minimal debug information: /tmpout/nisysapi.out
  SevWarning(1) : symbolmanager.cpp : 171
15:13:11.107 WARNING: Object file has minimal debug information: /c/ni-rt/system/debug.o
  SevWarning(1) : symbolmanager.cpp : 171
15:13:11.111 WARNING: Object file has minimal debug information: /tmpout/tsengine.out
  SevWarning(1) : symbolmanager.cpp : 171
15:13:11.117 WARNING: Object file has minimal debug information: /tmpout/libexpat.out
  SevWarning(1) : symbolmanager.cpp : 171
15:13:11.122 WARNING: Object file has minimal debug information: /tmpout/nimdnsResponder.out
  SevWarning(1) : symbolmanager.cpp : 171
15:13:11.125 WARNING: Object file has minimal debug information: /c/ni-rt/system/vxfpsup.out
  SevWarning(1) : symbolmanager.cpp : 171
15:13:11.130 WARNING: Object file has minimal debug information: /c/ni-rt/system/NiRioRpc.out
  SevWarning(1) : symbolmanager.cpp : 171
15:13:11.133 WARNING: Object file has minimal debug information: /c/ni-rt/system/nipci.out
  SevWarning(1) : symbolmanager.cpp : 171
15:13:11.136 WARNING: Object file has minimal debug information: /c/ni-rt/system/ftpserve.out
  SevWarning(1) : symbolmanager.cpp : 171
15:13:11.140 WARNING: Object file has minimal debug information: /c/ni-rt/system/NetConsole.out
  SevWarning(1) : symbolmanager.cpp : 171
15:13:11.144 WARNING: Object file has minimal debug information: /c/ni-rt/system/ts_rtc.out
  SevWarning(1) : symbolmanager.cpp : 171
15:13:11.147 WARNING: Object file has minimal debug information: /tmpout/libiconv.out
  SevWarning(1) : symbolmanager.cpp : 171
15:13:11.150 WARNING: Object file has minimal debug information: /c/ni-rt/system/lvuste.out
  SevWarning(1) : symbolmanager.cpp : 171
15:13:11.209 WARNING: Object file has minimal debug information: /tmpout/nivision.out
  SevWarning(1) : symbolmanager.cpp : 171
15:13:11.230 WARNING: Object file has minimal debug information: /c/ni-rt/system/NiViSv32.out
  SevWarning(1) : symbolmanager.cpp : 171
15:13:11.271 WARNING: Object file has minimal debug information: /tmpout/visa32.out
  SevWarning(1) : symbolmanager.cpp : 171
15:13:11.290 WARNING: Object file has minimal debug information: /tmpout/niserial.out
  SevWarning(1) : symbolmanager.cpp : 171
15:13:11.298 WARNING: Object file has minimal debug information: /tmpout/NiFpga.out
  SevWarning(1) : symbolmanager.cpp : 171
15:13:11.333 WARNING: Object file has minimal debug information: /c/ni-rt/system/NiFpgaLv.out
  SevWarning(1) : symbolmanager.cpp : 171
15:13:12.072 WARNING: Object file has minimal debug information: /c/ni-rt/system/FRC_FPGA.out
  SevWarning(1) : symbolmanager.cpp : 171
15:13:12.683 WARNING: Object file has minimal debug information: /tmpout/FRC_NetworkCommunication.out
